<?xml version="1.0" encoding="UTF-8"?>
<!-- Generated by org.testng.reporters.JUnitXMLReporter -->
<testsuite ignored="0" hostname="LAPTOP-TMLDU4N1" failures="0" tests="2" name="Login Tests" time="24.847" errors="0" timestamp="2024-09-11T22:04:44 IST">
  <testcase classname="com.Test.SeleniumProject.Valid_Credentials" name="successfulLoginTest" time="10.594"/>
  <testcase classname="com.Test.SeleniumProject.Valid_Credentials" name="unsuccessfulLoginTest" time="10.126"/>
</testsuite> <!-- Login Tests -->
