<?xml version="1.0" encoding="UTF-8"?>
<!-- Generated by org.testng.reporters.JUnitXMLReporter -->
<testsuite ignored="0" hostname="LAPTOP-TMLDU4N1" failures="0" tests="2" name="Default test" time="24.492" errors="0" timestamp="2024-09-11T22:03:15 IST">
  <testcase classname="com.Test.SeleniumProject.Valid_Credentials" name="successfulLoginTest" time="10.657"/>
  <testcase classname="com.Test.SeleniumProject.Valid_Credentials" name="unsuccessfulLoginTest" time="9.621"/>
</testsuite> <!-- Default test -->
